101
50 160 #DC143C double
6.350000 0.000000 6.345104 0.249300 6.330425 0.498215 6.305985 0.746362 6.271821 0.993359 6.227987 1.238824 6.174549 1.482378 6.111591 1.723647 6.039209 1.962258 5.957515 2.197843 5.866635 2.430040 5.766709 2.658489 5.657891 2.882840 5.540350 3.102745 5.414265 3.317866 5.279832 3.527871 5.137258 3.732436 4.986763 3.931247 4.828578 4.123995 4.662948 4.310385 4.490128 4.490128 4.310385 4.662948 4.123995 4.828578 3.931247 4.986763 3.732436 5.137258 3.527871 5.279832 3.317866 5.414265 3.102745 5.540350 2.882840 5.657891 2.658489 5.766709 2.430040 5.866635 2.197843 5.957515 1.962258 6.039209 1.723647 6.111591 1.482378 6.174549 1.238824 6.227987 0.993359 6.271821 0.746362 6.305985 0.498215 6.330425 0.249300 6.345104 0.000000 6.350000 -0.249300 6.345104 -0.498215 6.330425 -0.746362 6.305985 -0.993359 6.271821 -1.238824 6.227987 -1.482378 6.174549 -1.723647 6.111591 -1.962258 6.039209 -2.197843 5.957515 -2.430040 5.866635 -2.658489 5.766709 -2.882840 5.657891 -3.102745 5.540350 -3.317866 5.414265 -3.527871 5.279832 -3.732436 5.137258 -3.931247 4.986763 -4.123995 4.828578 -4.310385 4.662948 -4.490128 4.490128 -4.662948 4.310385 -4.828578 4.123995 -4.986763 3.931247 -5.137258 3.732436 -5.279832 3.527871 -5.414265 3.317866 -5.540350 3.102745 -5.657891 2.882840 -5.766709 2.658489 -5.866635 2.430040 -5.957515 2.197843 -6.039209 1.962258 -6.111591 1.723647 -6.174549 1.482378 -6.227987 1.238824 -6.271821 0.993359 -6.305985 0.746362 -6.330425 0.498215 -6.345104 0.249300 -6.350000 0.000000 -6.345104 -0.249300 -6.330425 -0.498215 -6.305985 -0.746362 -6.271821 -0.993359 -6.227987 -1.238824 -6.174549 -1.482378 -6.111591 -1.723647 -6.039209 -1.962258 -5.957515 -2.197843 -5.866635 -2.430040 -5.766709 -2.658489 -5.657891 -2.882840 -5.540350 -3.102745 -5.414265 -3.317866 -5.279832 -3.527871 -5.137258 -3.732436 -4.986763 -3.931247 -4.828578 -4.123995 -4.662948 -4.310385 -4.490128 -4.490128 -4.310385 -4.662948 -4.123995 -4.828578 -3.931247 -4.986763 -3.732436 -5.137258 -3.527871 -5.279832 -3.317866 -5.414265 -3.102745 -5.540350 -2.882840 -5.657891 -2.658489 -5.766709 -2.430040 -5.866635 -2.197843 -5.957515 -1.962258 -6.039209 -1.723647 -6.111591 -1.482378 -6.174549 -1.238824 -6.227987 -0.993359 -6.271821 -0.746362 -6.305985 -0.498215 -6.330425 -0.249300 -6.345104 -0.000000 -6.350000 0.249300 -6.345104 0.498215 -6.330425 0.746362 -6.305985 0.993359 -6.271821 1.238824 -6.227987 1.482378 -6.174549 1.723647 -6.111591 1.962258 -6.039209 2.197843 -5.957515 2.430040 -5.866635 2.658489 -5.766709 2.882840 -5.657891 3.102745 -5.540350 3.317866 -5.414265 3.527871 -5.279832 3.732436 -5.137258 3.931247 -4.986763 4.123995 -4.828578 4.310385 -4.662948 4.490128 -4.490128 4.662948 -4.310385 4.828578 -4.123995 4.986763 -3.931247 5.137258 -3.732436 5.279832 -3.527871 5.414265 -3.317866 5.540350 -3.102745 5.657891 -2.882840 5.766709 -2.658489 5.866635 -2.430040 5.957515 -2.197843 6.039209 -1.962258 6.111591 -1.723647 6.174549 -1.482378 6.227987 -1.238824 6.271821 -0.993359 6.305985 -0.746362 6.330425 -0.498215 6.345104 -0.249300
25 18 #228B22 single
0.993359 6.271821 0.746362 6.305985 0.498215 6.330425 0.249300 6.345104 0.000000 6.350000 -0.249300 6.345104 -0.498215 6.330425 -0.746362 6.305985 -0.993359 6.271821 -2.487308 15.704245 -1.868845 15.789788 -1.247500 15.850986 -0.624231 15.887742 0.000000 15.900000 0.624231 15.887742 1.247500 15.850986 1.868845 15.789788 2.487308 15.704245
25 18 #228B22 single
2.882840 5.657891 2.658489 5.766709 2.430040 5.866635 2.197843 5.957515 1.962258 6.039209 1.723647 6.111591 1.482378 6.174549 1.238824 6.227987 0.993359 6.271821 2.487308 15.704245 3.101936 15.594486 3.711781 15.460682 4.315903 15.303038 4.913370 15.121799 5.503261 14.917242 6.084667 14.689685 6.656690 14.439476 7.218449 14.167004
25 18 #228B22 single
4.490128 4.490128 4.310385 4.662948 4.123995 4.828578 3.931247 4.986763 3.732436 5.137258 3.527871 5.279832 3.317866 5.414265 3.102745 5.540350 2.882840 5.657891 7.218449 14.167004 7.769078 13.872687 8.307727 13.556979 8.833567 13.220367 9.345786 12.863370 9.843594 12.486539 10.326224 12.090455 10.792932 11.675728 11.242998 11.242998
25 18 #228B22 single
5.657891 2.882840 5.540350 3.102745 5.414265 3.317866 5.279832 3.527871 5.137258 3.732436 4.986763 3.931247 4.828578 4.123995 4.662948 4.310385 4.490128 4.490128 11.242998 11.242998 11.675728 10.792932 12.090455 10.326224 12.486539 9.843594 12.863370 9.345786 13.220367 8.833567 13.556979 8.307727 13.872687 7.769078 14.167004 7.218449
25 18 #228B22 single
6.271821 0.993359 6.227987 1.238824 6.174549 1.482378 6.111591 1.723647 6.039209 1.962258 5.957515 2.197843 5.866635 2.430040 5.766709 2.658489 5.657891 2.882840 14.167004 7.218449 14.439476 6.656690 14.689685 6.084667 14.917242 5.503261 15.121799 4.913370 15.303038 4.315903 15.460682 3.711781 15.594486 3.101936 15.704245 2.487308
25 18 #228B22 single
6.271821 -0.993359 6.305985 -0.746362 6.330425 -0.498215 6.345104 -0.249300 6.350000 0.000000 6.345104 0.249300 6.330425 0.498215 6.305985 0.746362 6.271821 0.993359 15.704245 2.487308 15.789788 1.868845 15.850986 1.247500 15.887742 0.624231 15.900000 0.000000 15.887742 -0.624231 15.850986 -1.247500 15.789788 -1.868845 15.704245 -2.487308
25 18 #228B22 single
5.657891 -2.882840 5.766709 -2.658489 5.866635 -2.430040 5.957515 -2.197843 6.039209 -1.962258 6.111591 -1.723647 6.174549 -1.482378 6.227987 -1.238824 6.271821 -0.993359 15.704245 -2.487308 15.594486 -3.101936 15.460682 -3.711781 15.303038 -4.315903 15.121799 -4.913370 14.917242 -5.503261 14.689685 -6.084667 14.439476 -6.656690 14.167004 -7.218449
25 18 #228B22 single
4.490128 -4.490128 4.662948 -4.310385 4.828578 -4.123995 4.986763 -3.931247 5.137258 -3.732436 5.279832 -3.527871 5.414265 -3.317866 5.540350 -3.102745 5.657891 -2.882840 14.167004 -7.218449 13.872687 -7.769078 13.556979 -8.307727 13.220367 -8.833567 12.863370 -9.345786 12.486539 -9.843594 12.090455 -10.326224 11.675728 -10.792932 11.242998 -11.242998
25 18 #228B22 single
2.882840 -5.657891 3.102745 -5.540350 3.317866 -5.414265 3.527871 -5.279832 3.732436 -5.137258 3.931247 -4.986763 4.123995 -4.828578 4.310385 -4.662948 4.490128 -4.490128 11.242998 -11.242998 10.792932 -11.675728 10.326224 -12.090455 9.843594 -12.486539 9.345786 -12.863370 8.833567 -13.220367 8.307727 -13.556979 7.769078 -13.872687 7.218449 -14.167004
25 18 #228B22 single
0.993359 -6.271821 1.238824 -6.227987 1.482378 -6.174549 1.723647 -6.111591 1.962258 -6.039209 2.197843 -5.957515 2.430040 -5.866635 2.658489 -5.766709 2.882840 -5.657891 7.218449 -14.167004 6.656690 -14.439476 6.084667 -14.689685 5.503261 -14.917242 4.913370 -15.121799 4.315903 -15.303038 3.711781 -15.460682 3.101936 -15.594486 2.487308 -15.704245
25 18 #228B22 single
-0.993359 -6.271821 -0.746362 -6.305985 -0.498215 -6.330425 -0.249300 -6.345104 0.000000 -6.350000 0.249300 -6.345104 0.498215 -6.330425 0.746362 -6.305985 0.993359 -6.271821 2.487308 -15.704245 1.868845 -15.789788 1.247500 -15.850986 0.624231 -15.887742 0.000000 -15.900000 -0.624231 -15.887742 -1.247500 -15.850986 -1.868845 -15.789788 -2.487308 -15.704245
25 18 #228B22 single
-2.882840 -5.657891 -2.658489 -5.766709 -2.430040 -5.866635 -2.197843 -5.957515 -1.962258 -6.039209 -1.723647 -6.111591 -1.482378 -6.174549 -1.238824 -6.227987 -0.993359 -6.271821 -2.487308 -15.704245 -3.101936 -15.594486 -3.711781 -15.460682 -4.315903 -15.303038 -4.913370 -15.121799 -5.503261 -14.917242 -6.084667 -14.689685 -6.656690 -14.439476 -7.218449 -14.167004
25 18 #228B22 single
-4.490128 -4.490128 -4.310385 -4.662948 -4.123995 -4.828578 -3.931247 -4.986763 -3.732436 -5.137258 -3.527871 -5.279832 -3.317866 -5.414265 -3.102745 -5.540350 -2.882840 -5.657891 -7.218449 -14.167004 -7.769078 -13.872687 -8.307727 -13.556979 -8.833567 -13.220367 -9.345786 -12.863370 -9.843594 -12.486539 -10.326224 -12.090455 -10.792932 -11.675728 -11.242998 -11.242998
25 18 #228B22 single
-5.657891 -2.882840 -5.540350 -3.102745 -5.414265 -3.317866 -5.279832 -3.527871 -5.137258 -3.732436 -4.986763 -3.931247 -4.828578 -4.123995 -4.662948 -4.310385 -4.490128 -4.490128 -11.242998 -11.242998 -11.675728 -10.792932 -12.090455 -10.326224 -12.486539 -9.843594 -12.863370 -9.345786 -13.220367 -8.833567 -13.556979 -8.307727 -13.872687 -7.769078 -14.167004 -7.218449
25 18 #228B22 single
-6.271821 -0.993359 -6.227987 -1.238824 -6.174549 -1.482378 -6.111591 -1.723647 -6.039209 -1.962258 -5.957515 -2.197843 -5.866635 -2.430040 -5.766709 -2.658489 -5.657891 -2.882840 -14.167004 -7.218449 -14.439476 -6.656690 -14.689685 -6.084667 -14.917242 -5.503261 -15.121799 -4.913370 -15.303038 -4.315903 -15.460682 -3.711781 -15.594486 -3.101936 -15.704245 -2.487308
25 18 #228B22 single
-6.271821 0.993359 -6.305985 0.746362 -6.330425 0.498215 -6.345104 0.249300 -6.350000 -0.000000 -6.345104 -0.249300 -6.330425 -0.498215 -6.305985 -0.746362 -6.271821 -0.993359 -15.704245 -2.487308 -15.789788 -1.868845 -15.850986 -1.247500 -15.887742 -0.624231 -15.900000 -0.000000 -15.887742 0.624231 -15.850986 1.247500 -15.789788 1.868845 -15.704245 2.487308
25 18 #228B22 single
-5.657891 2.882840 -5.766709 2.658489 -5.866635 2.430040 -5.957515 2.197843 -6.039209 1.962258 -6.111591 1.723647 -6.174549 1.482378 -6.227987 1.238824 -6.271821 0.993359 -15.704245 2.487308 -15.594486 3.101936 -15.460682 3.711781 -15.303038 4.315903 -15.121799 4.913370 -14.917242 5.503261 -14.689685 6.084667 -14.439476 6.656690 -14.167004 7.218449
25 18 #228B22 single
-4.490128 4.490128 -4.662948 4.310385 -4.828578 4.123995 -4.986763 3.931247 -5.137258 3.732436 -5.279832 3.527871 -5.414265 3.317866 -5.540350 3.102745 -5.657891 2.882840 -14.167004 7.218449 -13.872687 7.769078 -13.556979 8.307727 -13.220367 8.833567 -12.863370 9.345786 -12.486539 9.843594 -12.090455 10.326224 -11.675728 10.792932 -11.242998 11.242998
25 18 #228B22 single
-2.882840 5.657891 -3.102745 5.540350 -3.317866 5.414265 -3.527871 5.279832 -3.732436 5.137258 -3.931247 4.986763 -4.123995 4.828578 -4.310385 4.662948 -4.490128 4.490128 -11.242998 11.242998 -10.792932 11.675728 -10.326224 12.090455 -9.843594 12.486539 -9.345786 12.863370 -8.833567 13.220367 -8.307727 13.556979 -7.769078 13.872687 -7.218449 14.167004
25 18 #228B22 single
-0.993359 6.271821 -1.238824 6.227987 -1.482378 6.174549 -1.723647 6.111591 -1.962258 6.039209 -2.197843 5.957515 -2.430040 5.866635 -2.658489 5.766709 -2.882840 5.657891 -7.218449 14.167004 -6.656690 14.439476 -6.084667 14.689685 -5.503261 14.917242 -4.913370 15.121799 -4.315903 15.303038 -3.711781 15.460682 -3.101936 15.594486 -2.487308 15.704245
20 18 #000000 single
2.487308 15.704245 1.868845 15.789788 1.247500 15.850986 0.624231 15.887742 0.000000 15.900000 -0.624231 15.887742 -1.247500 15.850986 -1.868845 15.789788 -2.487308 15.704245 -15.487012 97.781146 -11.636202 98.313777 -7.767450 98.694816 -3.886722 98.923675 0.000000 99.000000 3.886722 98.923675 7.767450 98.694816 11.636202 98.313777 15.487012 97.781146
60 18 #DC143C treble
15.487012 97.781146 11.636202 98.313777 7.767450 98.694816 3.886722 98.923675 0.000000 99.000000 -3.886722 98.923675 -7.767450 98.694816 -11.636202 98.313777 -15.487012 97.781146 -16.738488 105.682652 -12.576502 106.258325 -8.395123 106.670155 -4.200800 106.917507 0.000000 107.000000 4.200800 106.917507 8.395123 106.670155 12.576502 106.258325 16.738488 105.682652
20 18 #000000 single
16.738488 105.682652 12.576502 106.258325 8.395123 106.670155 4.200800 106.917507 0.000000 107.000000 -4.200800 106.917507 -8.395123 106.670155 -12.576502 106.258325 -16.738488 105.682652 -25.342383 160.005511 -19.041058 160.877090 -12.710374 161.500608 -6.360090 161.875104 0.000000 162.000000 6.360090 161.875104 12.710374 161.500608 19.041058 160.877090 25.342383 160.005511
40 18 #DC143C double
25.342383 160.005511 19.041058 160.877090 12.710374 161.500608 6.360090 161.875104 0.000000 162.000000 -6.360090 161.875104 -12.710374 161.500608 -19.041058 160.877090 -25.342383 160.005511 -26.593859 167.907018 -19.981358 168.821638 -13.338046 169.475947 -6.674169 169.868936 0.000000 170.000000 6.674169 169.868936 13.338046 169.475947 19.981358 168.821638 26.593859 167.907018
1 18 #F5F5DC single
7.218449 14.167004 6.656690 14.439476 6.084667 14.689685 5.503261 14.917242 4.913370 15.121799 4.315903 15.303038 3.711781 15.460682 3.101936 15.594486 2.487308 15.704245 15.487012 97.781146 19.313942 97.097743 23.111091 96.264622 26.872605 95.283068 30.592682 94.154595 34.265589 92.880942 37.885660 91.464074 41.447314 89.906174 44.945059 88.209646
3 18 #228B22 treble
44.945059 88.209646 41.447314 89.906174 37.885660 91.464074 34.265589 92.880942 30.592682 94.154595 26.872605 95.283068 23.111091 96.264622 19.313942 97.097743 15.487012 97.781146 16.738488 105.682652 20.874664 104.944025 24.978654 104.043581 29.044128 102.982710 33.064818 101.763047 37.034525 100.386473 40.947127 98.855110 44.796592 97.171320 48.576983 95.337698
1 18 #F5F5DC single
48.576983 95.337698 44.796592 97.171320 40.947127 98.855110 37.034525 100.386473 33.064818 101.763047 29.044128 102.982710 24.978654 104.043581 20.874664 104.944025 16.738488 105.682652 25.342383 160.005511 31.604632 158.887215 37.818149 157.523927 43.973353 155.917748 50.060753 154.071156 56.070963 151.986996 61.994716 149.668484 67.822877 147.119194 73.546461 144.343057
2 18 #228B22 double
73.546461 144.343057 67.822877 147.119194 61.994716 149.668484 56.070963 151.986996 50.060753 154.071156 43.973353 155.917748 37.818149 157.523927 31.604632 158.887215 25.342383 160.005511 26.593859 167.907018 33.165355 166.733498 39.685712 165.302886 46.144876 163.617390 52.532889 161.679608 58.839900 159.492527 65.056184 157.059521 71.172155 154.384340 77.178385 151.471109
18 18 #000000 single
11.242998 11.242998 10.792932 11.675728 10.326224 12.090455 9.843594 12.486539 9.345786 12.863370 8.833567 13.220367 8.307727 13.556979 7.769078 13.872687 7.218449 14.167004 44.945059 88.209646 48.373503 86.377105 51.727358 84.411376 55.001453 82.315492 58.190740 80.092682 61.290301 77.746376 64.295357 75.280191 67.201274 72.697928 70.003571 70.003571
54 18 #DC143C treble
70.003571 70.003571 67.201274 72.697928 64.295357 75.280191 61.290301 77.746376 58.190740 80.092682 55.001453 82.315492 51.727358 84.411376 48.373503 86.377105 44.945059 88.209646 48.576983 95.337698 52.282473 93.357073 55.907346 91.232498 59.446015 88.967249 62.893022 86.564818 66.243053 84.028912 69.490941 81.363438 72.631680 78.572509 75.660426 75.660426
18 18 #000000 single
75.660426 75.660426 72.631680 78.572509 69.490941 81.363438 66.243053 84.028912 62.893022 86.564818 59.446015 88.967249 55.907346 91.232498 52.282473 93.357073 48.576983 95.337698 73.546461 144.343057 79.156641 141.344353 84.644767 138.127707 90.002378 134.698077 95.221211 131.060753 100.293220 127.221343 105.210584 123.185766 109.965721 118.960247 114.551299 114.551299
36 18 #DC143C double
114.551299 114.551299 109.965721 118.960247 105.210584 123.185766 100.293220 127.221343 95.221211 131.060753 90.002378 134.698077 84.644767 138.127707 79.156641 141.344353 73.546461 144.343057 77.178385 151.471109 83.065611 148.324321 88.824756 144.948828 94.446940 141.349834 99.923493 137.532889 105.245971 133.503878 110.406168 129.269014 115.396127 124.834827 120.208153 120.208153
4 18 #F5F5DC single
14.167004 7.218449 13.872687 7.769078 13.556979 8.307727 13.220367 8.833567 12.863370 9.345786 12.486539 9.843594 12.090455 10.326224 11.675728 10.792932 11.242998 11.242998 70.003571 70.003571 72.697928 67.201274 75.280191 64.295357 77.746376 61.290301 80.092682 58.190740 82.315492 55.001453 84.411376 51.727358 86.377105 48.373503 88.209646 44.945059
12 18 #228B22 treble
88.209646 44.945059 86.377105 48.373503 84.411376 51.727358 82.315492 55.001453 80.092682 58.190740 77.746376 61.290301 75.280191 64.295357 72.697928 67.201274 70.003571 70.003571 75.660426 75.660426 78.572509 72.631680 81.363438 69.490941 84.028912 66.243053 86.564818 62.893022 88.967249 59.446015 91.232498 55.907346 93.357073 52.282473 95.337698 48.576983
4 18 #F5F5DC single
95.337698 48.576983 93.357073 52.282473 91.232498 55.907346 88.967249 59.446015 86.564818 62.893022 84.028912 66.243053 81.363438 69.490941 78.572509 72.631680 75.660426 75.660426 114.551299 114.551299 118.960247 109.965721 123.185766 105.210584 127.221343 100.293220 131.060753 95.221211 134.698077 90.002378 138.127707 84.644767 141.344353 79.156641 144.343057 73.546461
8 18 #228B22 double
144.343057 73.546461 141.344353 79.156641 138.127707 84.644767 134.698077 90.002378 131.060753 95.221211 127.221343 100.293220 123.185766 105.210584 118.960247 109.965721 114.551299 114.551299 120.208153 120.208153 124.834827 115.396127 129.269014 110.406168 133.503878 105.245971 137.532889 99.923493 141.349834 94.446940 144.948828 88.824756 148.324321 83.065611 151.471109 77.178385
13 18 #000000 single
15.704245 2.487308 15.594486 3.101936 15.460682 3.711781 15.303038 4.315903 15.121799 4.913370 14.917242 5.503261 14.689685 6.084667 14.439476 6.656690 14.167004 7.218449 88.209646 44.945059 89.906174 41.447314 91.464074 37.885660 92.880942 34.265589 94.154595 30.592682 95.283068 26.872605 96.264622 23.111091 97.097743 19.313942 97.781146 15.487012
39 18 #DC143C treble
97.781146 15.487012 97.097743 19.313942 96.264622 23.111091 95.283068 26.872605 94.154595 30.592682 92.880942 34.265589 91.464074 37.885660 89.906174 41.447314 88.209646 44.945059 95.337698 48.576983 97.171320 44.796592 98.855110 40.947127 100.386473 37.034525 101.763047 33.064818 102.982710 29.044128 104.043581 24.978654 104.944025 20.874664 105.682652 16.738488
13 18 #000000 single
105.682652 16.738488 104.944025 20.874664 104.043581 24.978654 102.982710 29.044128 101.763047 33.064818 100.386473 37.034525 98.855110 40.947127 97.171320 44.796592 95.337698 48.576983 144.343057 73.546461 147.119194 67.822877 149.668484 61.994716 151.986996 56.070963 154.071156 50.060753 155.917748 43.973353 157.523927 37.818149 158.887215 31.604632 160.005511 25.342383
26 18 #DC143C double
160.005511 25.342383 158.887215 31.604632 157.523927 37.818149 155.917748 43.973353 154.071156 50.060753 151.986996 56.070963 149.668484 61.994716 147.119194 67.822877 144.343057 73.546461 151.471109 77.178385 154.384340 71.172155 157.059521 65.056184 159.492527 58.839900 161.679608 52.532889 163.617390 46.144876 165.302886 39.685712 166.733498 33.165355 167.907018 26.593859
6 18 #F5F5DC single
15.704245 -2.487308 15.789788 -1.868845 15.850986 -1.247500 15.887742 -0.624231 15.900000 0.000000 15.887742 0.624231 15.850986 1.247500 15.789788 1.868845 15.704245 2.487308 97.781146 15.487012 98.313777 11.636202 98.694816 7.767450 98.923675 3.886722 99.000000 0.000000 98.923675 -3.886722 98.694816 -7.767450 98.313777 -11.636202 97.781146 -15.487012
18 18 #228B22 treble
97.781146 -15.487012 98.313777 -11.636202 98.694816 -7.767450 98.923675 -3.886722 99.000000 0.000000 98.923675 3.886722 98.694816 7.767450 98.313777 11.636202 97.781146 15.487012 105.682652 16.738488 106.258325 12.576502 106.670155 8.395123 106.917507 4.200800 107.000000 0.000000 106.917507 -4.200800 106.670155 -8.395123 106.258325 -12.576502 105.682652 -16.738488
6 18 #F5F5DC single
105.682652 -16.738488 106.258325 -12.576502 106.670155 -8.395123 106.917507 -4.200800 107.000000 0.000000 106.917507 4.200800 106.670155 8.395123 106.258325 12.576502 105.682652 16.738488 160.005511 25.342383 160.877090 19.041058 161.500608 12.710374 161.875104 6.360090 162.000000 0.000000 161.875104 -6.360090 161.500608 -12.710374 160.877090 -19.041058 160.005511 -25.342383
12 18 #228B22 double
160.005511 -25.342383 160.877090 -19.041058 161.500608 -12.710374 161.875104 -6.360090 162.000000 0.000000 161.875104 6.360090 161.500608 12.710374 160.877090 19.041058 160.005511 25.342383 167.907018 26.593859 168.821638 19.981358 169.475947 13.338046 169.868936 6.674169 170.000000 0.000000 169.868936 -6.674169 169.475947 -13.338046 168.821638 -19.981358 167.907018 -26.593859
10 18 #000000 single
14.167004 -7.218449 14.439476 -6.656690 14.689685 -6.084667 14.917242 -5.503261 15.121799 -4.913370 15.303038 -4.315903 15.460682 -3.711781 15.594486 -3.101936 15.704245 -2.487308 97.781146 -15.487012 97.097743 -19.313942 96.264622 -23.111091 95.283068 -26.872605 94.154595 -30.592682 92.880942 -34.265589 91.464074 -37.885660 89.906174 -41.447314 88.209646 -44.945059
30 18 #DC143C treble
88.209646 -44.945059 89.906174 -41.447314 91.464074 -37.885660 92.880942 -34.265589 94.154595 -30.592682 95.283068 -26.872605 96.264622 -23.111091 97.097743 -19.313942 97.781146 -15.487012 105.682652 -16.738488 104.944025 -20.874664 104.043581 -24.978654 102.982710 -29.044128 101.763047 -33.064818 100.386473 -37.034525 98.855110 -40.947127 97.171320 -44.796592 95.337698 -48.576983
10 18 #000000 single
95.337698 -48.576983 97.171320 -44.796592 98.855110 -40.947127 100.386473 -37.034525 101.763047 -33.064818 102.982710 -29.044128 104.043581 -24.978654 104.944025 -20.874664 105.682652 -16.738488 160.005511 -25.342383 158.887215 -31.604632 157.523927 -37.818149 155.917748 -43.973353 154.071156 -50.060753 151.986996 -56.070963 149.668484 -61.994716 147.119194 -67.822877 144.343057 -73.546461
20 18 #DC143C double
144.343057 -73.546461 147.119194 -67.822877 149.668484 -61.994716 151.986996 -56.070963 154.071156 -50.060753 155.917748 -43.973353 157.523927 -37.818149 158.887215 -31.604632 160.005511 -25.342383 167.907018 -26.593859 166.733498 -33.165355 165.302886 -39.685712 163.617390 -46.144876 161.679608 -52.532889 159.492527 -58.839900 157.059521 -65.056184 154.384340 -71.172155 151.471109 -77.178385
15 18 #F5F5DC single
11.242998 -11.242998 11.675728 -10.792932 12.090455 -10.326224 12.486539 -9.843594 12.863370 -9.345786 13.220367 -8.833567 13.556979 -8.307727 13.872687 -7.769078 14.167004 -7.218449 88.209646 -44.945059 86.377105 -48.373503 84.411376 -51.727358 82.315492 -55.001453 80.092682 -58.190740 77.746376 -61.290301 75.280191 -64.295357 72.697928 -67.201274 70.003571 -70.003571
45 18 #228B22 treble
70.003571 -70.003571 72.697928 -67.201274 75.280191 -64.295357 77.746376 -61.290301 80.092682 -58.190740 82.315492 -55.001453 84.411376 -51.727358 86.377105 -48.373503 88.209646 -44.945059 95.337698 -48.576983 93.357073 -52.282473 91.232498 -55.907346 88.967249 -59.446015 86.564818 -62.893022 84.028912 -66.243053 81.363438 -69.490941 78.572509 -72.631680 75.660426 -75.660426
15 18 #F5F5DC single
75.660426 -75.660426 78.572509 -72.631680 81.363438 -69.490941 84.028912 -66.243053 86.564818 -62.893022 88.967249 -59.446015 91.232498 -55.907346 93.357073 -52.282473 95.337698 -48.576983 144.343057 -73.546461 141.344353 -79.156641 138.127707 -84.644767 134.698077 -90.002378 131.060753 -95.221211 127.221343 -100.293220 123.185766 -105.210584 118.960247 -109.965721 114.551299 -114.551299
30 18 #228B22 double
114.551299 -114.551299 118.960247 -109.965721 123.185766 -105.210584 127.221343 -100.293220 131.060753 -95.221211 134.698077 -90.002378 138.127707 -84.644767 141.344353 -79.156641 144.343057 -73.546461 151.471109 -77.178385 148.324321 -83.065611 144.948828 -88.824756 141.349834 -94.446940 137.532889 -99.923493 133.503878 -105.245971 129.269014 -110.406168 124.834827 -115.396127 120.208153 -120.208153
2 18 #000000 single
7.218449 -14.167004 7.769078 -13.872687 8.307727 -13.556979 8.833567 -13.220367 9.345786 -12.863370 9.843594 -12.486539 10.326224 -12.090455 10.792932 -11.675728 11.242998 -11.242998 70.003571 -70.003571 67.201274 -72.697928 64.295357 -75.280191 61.290301 -77.746376 58.190740 -80.092682 55.001453 -82.315492 51.727358 -84.411376 48.373503 -86.377105 44.945059 -88.209646
6 18 #DC143C treble
44.945059 -88.209646 48.373503 -86.377105 51.727358 -84.411376 55.001453 -82.315492 58.190740 -80.092682 61.290301 -77.746376 64.295357 -75.280191 67.201274 -72.697928 70.003571 -70.003571 75.660426 -75.660426 72.631680 -78.572509 69.490941 -81.363438 66.243053 -84.028912 62.893022 -86.564818 59.446015 -88.967249 55.907346 -91.232498 52.282473 -93.357073 48.576983 -95.337698
2 18 #000000 single
48.576983 -95.337698 52.282473 -93.357073 55.907346 -91.232498 59.446015 -88.967249 62.893022 -86.564818 66.243053 -84.028912 69.490941 -81.363438 72.631680 -78.572509 75.660426 -75.660426 114.551299 -114.551299 109.965721 -118.960247 105.210584 -123.185766 100.293220 -127.221343 95.221211 -131.060753 90.002378 -134.698077 84.644767 -138.127707 79.156641 -141.344353 73.546461 -144.343057
4 18 #DC143C double
73.546461 -144.343057 79.156641 -141.344353 84.644767 -138.127707 90.002378 -134.698077 95.221211 -131.060753 100.293220 -127.221343 105.210584 -123.185766 109.965721 -118.960247 114.551299 -114.551299 120.208153 -120.208153 115.396127 -124.834827 110.406168 -129.269014 105.245971 -133.503878 99.923493 -137.532889 94.446940 -141.349834 88.824756 -144.948828 83.065611 -148.324321 77.178385 -151.471109
17 18 #F5F5DC single
2.487308 -15.704245 3.101936 -15.594486 3.711781 -15.460682 4.315903 -15.303038 4.913370 -15.121799 5.503261 -14.917242 6.084667 -14.689685 6.656690 -14.439476 7.218449 -14.167004 44.945059 -88.209646 41.447314 -89.906174 37.885660 -91.464074 34.265589 -92.880942 30.592682 -94.154595 26.872605 -95.283068 23.111091 -96.264622 19.313942 -97.097743 15.487012 -97.781146
51 18 #228B22 treble
15.487012 -97.781146 19.313942 -97.097743 23.111091 -96.264622 26.872605 -95.283068 30.592682 -94.154595 34.265589 -92.880942 37.885660 -91.464074 41.447314 -89.906174 44.945059 -88.209646 48.576983 -95.337698 44.796592 -97.171320 40.947127 -98.855110 37.034525 -100.386473 33.064818 -101.763047 29.044128 -102.982710 24.978654 -104.043581 20.874664 -104.944025 16.738488 -105.682652
17 18 #F5F5DC single
16.738488 -105.682652 20.874664 -104.944025 24.978654 -104.043581 29.044128 -102.982710 33.064818 -101.763047 37.034525 -100.386473 40.947127 -98.855110 44.796592 -97.171320 48.576983 -95.337698 73.546461 -144.343057 67.822877 -147.119194 61.994716 -149.668484 56.070963 -151.986996 50.060753 -154.071156 43.973353 -155.917748 37.818149 -157.523927 31.604632 -158.887215 25.342383 -160.005511
34 18 #228B22 double
25.342383 -160.005511 31.604632 -158.887215 37.818149 -157.523927 43.973353 -155.917748 50.060753 -154.071156 56.070963 -151.986996 61.994716 -149.668484 67.822877 -147.119194 73.546461 -144.343057 77.178385 -151.471109 71.172155 -154.384340 65.056184 -157.059521 58.839900 -159.492527 52.532889 -161.679608 46.144876 -163.617390 39.685712 -165.302886 33.165355 -166.733498 26.593859 -167.907018
3 18 #000000 single
-2.487308 -15.704245 -1.868845 -15.789788 -1.247500 -15.850986 -0.624231 -15.887742 0.000000 -15.900000 0.624231 -15.887742 1.247500 -15.850986 1.868845 -15.789788 2.487308 -15.704245 15.487012 -97.781146 11.636202 -98.313777 7.767450 -98.694816 3.886722 -98.923675 0.000000 -99.000000 -3.886722 -98.923675 -7.767450 -98.694816 -11.636202 -98.313777 -15.487012 -97.781146
9 18 #DC143C treble
-15.487012 -97.781146 -11.636202 -98.313777 -7.767450 -98.694816 -3.886722 -98.923675 0.000000 -99.000000 3.886722 -98.923675 7.767450 -98.694816 11.636202 -98.313777 15.487012 -97.781146 16.738488 -105.682652 12.576502 -106.258325 8.395123 -106.670155 4.200800 -106.917507 0.000000 -107.000000 -4.200800 -106.917507 -8.395123 -106.670155 -12.576502 -106.258325 -16.738488 -105.682652
3 18 #000000 single
-16.738488 -105.682652 -12.576502 -106.258325 -8.395123 -106.670155 -4.200800 -106.917507 0.000000 -107.000000 4.200800 -106.917507 8.395123 -106.670155 12.576502 -106.258325 16.738488 -105.682652 25.342383 -160.005511 19.041058 -160.877090 12.710374 -161.500608 6.360090 -161.875104 0.000000 -162.000000 -6.360090 -161.875104 -12.710374 -161.500608 -19.041058 -160.877090 -25.342383 -160.005511
6 18 #DC143C double
-25.342383 -160.005511 -19.041058 -160.877090 -12.710374 -161.500608 -6.360090 -161.875104 0.000000 -162.000000 6.360090 -161.875104 12.710374 -161.500608 19.041058 -160.877090 25.342383 -160.005511 26.593859 -167.907018 19.981358 -168.821638 13.338046 -169.475947 6.674169 -169.868936 0.000000 -170.000000 -6.674169 -169.868936 -13.338046 -169.475947 -19.981358 -168.821638 -26.593859 -167.907018
19 18 #F5F5DC single
-7.218449 -14.167004 -6.656690 -14.439476 -6.084667 -14.689685 -5.503261 -14.917242 -4.913370 -15.121799 -4.315903 -15.303038 -3.711781 -15.460682 -3.101936 -15.594486 -2.487308 -15.704245 -15.487012 -97.781146 -19.313942 -97.097743 -23.111091 -96.264622 -26.872605 -95.283068 -30.592682 -94.154595 -34.265589 -92.880942 -37.885660 -91.464074 -41.447314 -89.906174 -44.945059 -88.209646
57 18 #228B22 treble
-44.945059 -88.209646 -41.447314 -89.906174 -37.885660 -91.464074 -34.265589 -92.880942 -30.592682 -94.154595 -26.872605 -95.283068 -23.111091 -96.264622 -19.313942 -97.097743 -15.487012 -97.781146 -16.738488 -105.682652 -20.874664 -104.944025 -24.978654 -104.043581 -29.044128 -102.982710 -33.064818 -101.763047 -37.034525 -100.386473 -40.947127 -98.855110 -44.796592 -97.171320 -48.576983 -95.337698
19 18 #F5F5DC single
-48.576983 -95.337698 -44.796592 -97.171320 -40.947127 -98.855110 -37.034525 -100.386473 -33.064818 -101.763047 -29.044128 -102.982710 -24.978654 -104.043581 -20.874664 -104.944025 -16.738488 -105.682652 -25.342383 -160.005511 -31.604632 -158.887215 -37.818149 -157.523927 -43.973353 -155.917748 -50.060753 -154.071156 -56.070963 -151.986996 -61.994716 -149.668484 -67.822877 -147.119194 -73.546461 -144.343057
38 18 #228B22 double
-73.546461 -144.343057 -67.822877 -147.119194 -61.994716 -149.668484 -56.070963 -151.986996 -50.060753 -154.071156 -43.973353 -155.917748 -37.818149 -157.523927 -31.604632 -158.887215 -25.342383 -160.005511 -26.593859 -167.907018 -33.165355 -166.733498 -39.685712 -165.302886 -46.144876 -163.617390 -52.532889 -161.679608 -58.839900 -159.492527 -65.056184 -157.059521 -71.172155 -154.384340 -77.178385 -151.471109
7 18 #000000 single
-11.242998 -11.242998 -10.792932 -11.675728 -10.326224 -12.090455 -9.843594 -12.486539 -9.345786 -12.863370 -8.833567 -13.220367 -8.307727 -13.556979 -7.769078 -13.872687 -7.218449 -14.167004 -44.945059 -88.209646 -48.373503 -86.377105 -51.727358 -84.411376 -55.001453 -82.315492 -58.190740 -80.092682 -61.290301 -77.746376 -64.295357 -75.280191 -67.201274 -72.697928 -70.003571 -70.003571
21 18 #DC143C treble
-70.003571 -70.003571 -67.201274 -72.697928 -64.295357 -75.280191 -61.290301 -77.746376 -58.190740 -80.092682 -55.001453 -82.315492 -51.727358 -84.411376 -48.373503 -86.377105 -44.945059 -88.209646 -48.576983 -95.337698 -52.282473 -93.357073 -55.907346 -91.232498 -59.446015 -88.967249 -62.893022 -86.564818 -66.243053 -84.028912 -69.490941 -81.363438 -72.631680 -78.572509 -75.660426 -75.660426
7 18 #000000 single
-75.660426 -75.660426 -72.631680 -78.572509 -69.490941 -81.363438 -66.243053 -84.028912 -62.893022 -86.564818 -59.446015 -88.967249 -55.907346 -91.232498 -52.282473 -93.357073 -48.576983 -95.337698 -73.546461 -144.343057 -79.156641 -141.344353 -84.644767 -138.127707 -90.002378 -134.698077 -95.221211 -131.060753 -100.293220 -127.221343 -105.210584 -123.185766 -109.965721 -118.960247 -114.551299 -114.551299
14 18 #DC143C double
-114.551299 -114.551299 -109.965721 -118.960247 -105.210584 -123.185766 -100.293220 -127.221343 -95.221211 -131.060753 -90.002378 -134.698077 -84.644767 -138.127707 -79.156641 -141.344353 -73.546461 -144.343057 -77.178385 -151.471109 -83.065611 -148.324321 -88.824756 -144.948828 -94.446940 -141.349834 -99.923493 -137.532889 -105.245971 -133.503878 -110.406168 -129.269014 -115.396127 -124.834827 -120.208153 -120.208153
16 18 #F5F5DC single
-14.167004 -7.218449 -13.872687 -7.769078 -13.556979 -8.307727 -13.220367 -8.833567 -12.863370 -9.345786 -12.486539 -9.843594 -12.090455 -10.326224 -11.675728 -10.792932 -11.242998 -11.242998 -70.003571 -70.003571 -72.697928 -67.201274 -75.280191 -64.295357 -77.746376 -61.290301 -80.092682 -58.190740 -82.315492 -55.001453 -84.411376 -51.727358 -86.377105 -48.373503 -88.209646 -44.945059
48 18 #228B22 treble
-88.209646 -44.945059 -86.377105 -48.373503 -84.411376 -51.727358 -82.315492 -55.001453 -80.092682 -58.190740 -77.746376 -61.290301 -75.280191 -64.295357 -72.697928 -67.201274 -70.003571 -70.003571 -75.660426 -75.660426 -78.572509 -72.631680 -81.363438 -69.490941 -84.028912 -66.243053 -86.564818 -62.893022 -88.967249 -59.446015 -91.232498 -55.907346 -93.357073 -52.282473 -95.337698 -48.576983
16 18 #F5F5DC single
-95.337698 -48.576983 -93.357073 -52.282473 -91.232498 -55.907346 -88.967249 -59.446015 -86.564818 -62.893022 -84.028912 -66.243053 -81.363438 -69.490941 -78.572509 -72.631680 -75.660426 -75.660426 -114.551299 -114.551299 -118.960247 -109.965721 -123.185766 -105.210584 -127.221343 -100.293220 -131.060753 -95.221211 -134.698077 -90.002378 -138.127707 -84.644767 -141.344353 -79.156641 -144.343057 -73.546461
32 18 #228B22 double
-144.343057 -73.546461 -141.344353 -79.156641 -138.127707 -84.644767 -134.698077 -90.002378 -131.060753 -95.221211 -127.221343 -100.293220 -123.185766 -105.210584 -118.960247 -109.965721 -114.551299 -114.551299 -120.208153 -120.208153 -124.834827 -115.396127 -129.269014 -110.406168 -133.503878 -105.245971 -137.532889 -99.923493 -141.349834 -94.446940 -144.948828 -88.824756 -148.324321 -83.065611 -151.471109 -77.178385
8 18 #000000 single
-15.704245 -2.487308 -15.594486 -3.101936 -15.460682 -3.711781 -15.303038 -4.315903 -15.121799 -4.913370 -14.917242 -5.503261 -14.689685 -6.084667 -14.439476 -6.656690 -14.167004 -7.218449 -88.209646 -44.945059 -89.906174 -41.447314 -91.464074 -37.885660 -92.880942 -34.265589 -94.154595 -30.592682 -95.283068 -26.872605 -96.264622 -23.111091 -97.097743 -19.313942 -97.781146 -15.487012
24 18 #DC143C treble
-97.781146 -15.487012 -97.097743 -19.313942 -96.264622 -23.111091 -95.283068 -26.872605 -94.154595 -30.592682 -92.880942 -34.265589 -91.464074 -37.885660 -89.906174 -41.447314 -88.209646 -44.945059 -95.337698 -48.576983 -97.171320 -44.796592 -98.855110 -40.947127 -100.386473 -37.034525 -101.763047 -33.064818 -102.982710 -29.044128 -104.043581 -24.978654 -104.944025 -20.874664 -105.682652 -16.738488
8 18 #000000 single
-105.682652 -16.738488 -104.944025 -20.874664 -104.043581 -24.978654 -102.982710 -29.044128 -101.763047 -33.064818 -100.386473 -37.034525 -98.855110 -40.947127 -97.171320 -44.796592 -95.337698 -48.576983 -144.343057 -73.546461 -147.119194 -67.822877 -149.668484 -61.994716 -151.986996 -56.070963 -154.071156 -50.060753 -155.917748 -43.973353 -157.523927 -37.818149 -158.887215 -31.604632 -160.005511 -25.342383
16 18 #DC143C double
-160.005511 -25.342383 -158.887215 -31.604632 -157.523927 -37.818149 -155.917748 -43.973353 -154.071156 -50.060753 -151.986996 -56.070963 -149.668484 -61.994716 -147.119194 -67.822877 -144.343057 -73.546461 -151.471109 -77.178385 -154.384340 -71.172155 -157.059521 -65.056184 -159.492527 -58.839900 -161.679608 -52.532889 -163.617390 -46.144876 -165.302886 -39.685712 -166.733498 -33.165355 -167.907018 -26.593859
11 18 #F5F5DC single
-15.704245 2.487308 -15.789788 1.868845 -15.850986 1.247500 -15.887742 0.624231 -15.900000 -0.000000 -15.887742 -0.624231 -15.850986 -1.247500 -15.789788 -1.868845 -15.704245 -2.487308 -97.781146 -15.487012 -98.313777 -11.636202 -98.694816 -7.767450 -98.923675 -3.886722 -99.000000 -0.000000 -98.923675 3.886722 -98.694816 7.767450 -98.313777 11.636202 -97.781146 15.487012
33 18 #228B22 treble
-97.781146 15.487012 -98.313777 11.636202 -98.694816 7.767450 -98.923675 3.886722 -99.000000 -0.000000 -98.923675 -3.886722 -98.694816 -7.767450 -98.313777 -11.636202 -97.781146 -15.487012 -105.682652 -16.738488 -106.258325 -12.576502 -106.670155 -8.395123 -106.917507 -4.200800 -107.000000 -0.000000 -106.917507 4.200800 -106.670155 8.395123 -106.258325 12.576502 -105.682652 16.738488
11 18 #F5F5DC single
-105.682652 16.738488 -106.258325 12.576502 -106.670155 8.395123 -106.917507 4.200800 -107.000000 -0.000000 -106.917507 -4.200800 -106.670155 -8.395123 -106.258325 -12.576502 -105.682652 -16.738488 -160.005511 -25.342383 -160.877090 -19.041058 -161.500608 -12.710374 -161.875104 -6.360090 -162.000000 -0.000000 -161.875104 6.360090 -161.500608 12.710374 -160.877090 19.041058 -160.005511 25.342383
22 18 #228B22 double
-160.005511 25.342383 -160.877090 19.041058 -161.500608 12.710374 -161.875104 6.360090 -162.000000 -0.000000 -161.875104 -6.360090 -161.500608 -12.710374 -160.877090 -19.041058 -160.005511 -25.342383 -167.907018 -26.593859 -168.821638 -19.981358 -169.475947 -13.338046 -169.868936 -6.674169 -170.000000 -0.000000 -169.868936 6.674169 -169.475947 13.338046 -168.821638 19.981358 -167.907018 26.593859
14 18 #000000 single
-14.167004 7.218449 -14.439476 6.656690 -14.689685 6.084667 -14.917242 5.503261 -15.121799 4.913370 -15.303038 4.315903 -15.460682 3.711781 -15.594486 3.101936 -15.704245 2.487308 -97.781146 15.487012 -97.097743 19.313942 -96.264622 23.111091 -95.283068 26.872605 -94.154595 30.592682 -92.880942 34.265589 -91.464074 37.885660 -89.906174 41.447314 -88.209646 44.945059
42 18 #DC143C treble
-88.209646 44.945059 -89.906174 41.447314 -91.464074 37.885660 -92.880942 34.265589 -94.154595 30.592682 -95.283068 26.872605 -96.264622 23.111091 -97.097743 19.313942 -97.781146 15.487012 -105.682652 16.738488 -104.944025 20.874664 -104.043581 24.978654 -102.982710 29.044128 -101.763047 33.064818 -100.386473 37.034525 -98.855110 40.947127 -97.171320 44.796592 -95.337698 48.576983
14 18 #000000 single
-95.337698 48.576983 -97.171320 44.796592 -98.855110 40.947127 -100.386473 37.034525 -101.763047 33.064818 -102.982710 29.044128 -104.043581 24.978654 -104.944025 20.874664 -105.682652 16.738488 -160.005511 25.342383 -158.887215 31.604632 -157.523927 37.818149 -155.917748 43.973353 -154.071156 50.060753 -151.986996 56.070963 -149.668484 61.994716 -147.119194 67.822877 -144.343057 73.546461
28 18 #DC143C double
-144.343057 73.546461 -147.119194 67.822877 -149.668484 61.994716 -151.986996 56.070963 -154.071156 50.060753 -155.917748 43.973353 -157.523927 37.818149 -158.887215 31.604632 -160.005511 25.342383 -167.907018 26.593859 -166.733498 33.165355 -165.302886 39.685712 -163.617390 46.144876 -161.679608 52.532889 -159.492527 58.839900 -157.059521 65.056184 -154.384340 71.172155 -151.471109 77.178385
9 18 #F5F5DC single
-11.242998 11.242998 -11.675728 10.792932 -12.090455 10.326224 -12.486539 9.843594 -12.863370 9.345786 -13.220367 8.833567 -13.556979 8.307727 -13.872687 7.769078 -14.167004 7.218449 -88.209646 44.945059 -86.377105 48.373503 -84.411376 51.727358 -82.315492 55.001453 -80.092682 58.190740 -77.746376 61.290301 -75.280191 64.295357 -72.697928 67.201274 -70.003571 70.003571
27 18 #228B22 treble
-70.003571 70.003571 -72.697928 67.201274 -75.280191 64.295357 -77.746376 61.290301 -80.092682 58.190740 -82.315492 55.001453 -84.411376 51.727358 -86.377105 48.373503 -88.209646 44.945059 -95.337698 48.576983 -93.357073 52.282473 -91.232498 55.907346 -88.967249 59.446015 -86.564818 62.893022 -84.028912 66.243053 -81.363438 69.490941 -78.572509 72.631680 -75.660426 75.660426
9 18 #F5F5DC single
-75.660426 75.660426 -78.572509 72.631680 -81.363438 69.490941 -84.028912 66.243053 -86.564818 62.893022 -88.967249 59.446015 -91.232498 55.907346 -93.357073 52.282473 -95.337698 48.576983 -144.343057 73.546461 -141.344353 79.156641 -138.127707 84.644767 -134.698077 90.002378 -131.060753 95.221211 -127.221343 100.293220 -123.185766 105.210584 -118.960247 109.965721 -114.551299 114.551299
18 18 #228B22 double
-114.551299 114.551299 -118.960247 109.965721 -123.185766 105.210584 -127.221343 100.293220 -131.060753 95.221211 -134.698077 90.002378 -138.127707 84.644767 -141.344353 79.156641 -144.343057 73.546461 -151.471109 77.178385 -148.324321 83.065611 -144.948828 88.824756 -141.349834 94.446940 -137.532889 99.923493 -133.503878 105.245971 -129.269014 110.406168 -124.834827 115.396127 -120.208153 120.208153
12 18 #000000 single
-7.218449 14.167004 -7.769078 13.872687 -8.307727 13.556979 -8.833567 13.220367 -9.345786 12.863370 -9.843594 12.486539 -10.326224 12.090455 -10.792932 11.675728 -11.242998 11.242998 -70.003571 70.003571 -67.201274 72.697928 -64.295357 75.280191 -61.290301 77.746376 -58.190740 80.092682 -55.001453 82.315492 -51.727358 84.411376 -48.373503 86.377105 -44.945059 88.209646
36 18 #DC143C treble
-44.945059 88.209646 -48.373503 86.377105 -51.727358 84.411376 -55.001453 82.315492 -58.190740 80.092682 -61.290301 77.746376 -64.295357 75.280191 -67.201274 72.697928 -70.003571 70.003571 -75.660426 75.660426 -72.631680 78.572509 -69.490941 81.363438 -66.243053 84.028912 -62.893022 86.564818 -59.446015 88.967249 -55.907346 91.232498 -52.282473 93.357073 -48.576983 95.337698
12 18 #000000 single
-48.576983 95.337698 -52.282473 93.357073 -55.907346 91.232498 -59.446015 88.967249 -62.893022 86.564818 -66.243053 84.028912 -69.490941 81.363438 -72.631680 78.572509 -75.660426 75.660426 -114.551299 114.551299 -109.965721 118.960247 -105.210584 123.185766 -100.293220 127.221343 -95.221211 131.060753 -90.002378 134.698077 -84.644767 138.127707 -79.156641 141.344353 -73.546461 144.343057
24 18 #DC143C double
-73.546461 144.343057 -79.156641 141.344353 -84.644767 138.127707 -90.002378 134.698077 -95.221211 131.060753 -100.293220 127.221343 -105.210584 123.185766 -109.965721 118.960247 -114.551299 114.551299 -120.208153 120.208153 -115.396127 124.834827 -110.406168 129.269014 -105.245971 133.503878 -99.923493 137.532889 -94.446940 141.349834 -88.824756 144.948828 -83.065611 148.324321 -77.178385 151.471109
5 18 #F5F5DC single
-2.487308 15.704245 -3.101936 15.594486 -3.711781 15.460682 -4.315903 15.303038 -4.913370 15.121799 -5.503261 14.917242 -6.084667 14.689685 -6.656690 14.439476 -7.218449 14.167004 -44.945059 88.209646 -41.447314 89.906174 -37.885660 91.464074 -34.265589 92.880942 -30.592682 94.154595 -26.872605 95.283068 -23.111091 96.264622 -19.313942 97.097743 -15.487012 97.781146
15 18 #228B22 treble
-15.487012 97.781146 -19.313942 97.097743 -23.111091 96.264622 -26.872605 95.283068 -30.592682 94.154595 -34.265589 92.880942 -37.885660 91.464074 -41.447314 89.906174 -44.945059 88.209646 -48.576983 95.337698 -44.796592 97.171320 -40.947127 98.855110 -37.034525 100.386473 -33.064818 101.763047 -29.044128 102.982710 -24.978654 104.043581 -20.874664 104.944025 -16.738488 105.682652
5 18 #F5F5DC single
-16.738488 105.682652 -20.874664 104.944025 -24.978654 104.043581 -29.044128 102.982710 -33.064818 101.763047 -37.034525 100.386473 -40.947127 98.855110 -44.796592 97.171320 -48.576983 95.337698 -73.546461 144.343057 -67.822877 147.119194 -61.994716 149.668484 -56.070963 151.986996 -50.060753 154.071156 -43.973353 155.917748 -37.818149 157.523927 -31.604632 158.887215 -25.342383 160.005511
10 18 #228B22 double
-25.342383 160.005511 -31.604632 158.887215 -37.818149 157.523927 -43.973353 155.917748 -50.060753 154.071156 -56.070963 151.986996 -61.994716 149.668484 -67.822877 147.119194 -73.546461 144.343057 -77.178385 151.471109 -71.172155 154.384340 -65.056184 157.059521 -58.839900 159.492527 -52.532889 161.679608 -46.144876 163.617390 -39.685712 165.302886 -33.165355 166.733498 -26.593859 167.907018
